<?xml version="1.0" encoding="UTF-8"?>
<Site BuildName="Linux-g++"
	BuildStamp="20251115-1907-Experimental"
	Name="88f3666a6b52"
	Generator="ctest-3.22.1"
	CompilerName="/usr/bin/g++"
	CompilerVersion="11.3.0"
	OSName="Linux"
	Hostname="88f3666a6b52"
	OSRelease="5.15.167.4-microsoft-standard-WSL2"
	OSVersion="#1 SMP Tue Nov 5 00:21:55 UTC 2024"
	OSPlatform="x86_64"
	Is64Bits="1"
	VendorString="GenuineIntel"
	VendorID="Intel Corporation"
	FamilyID="6"
	ModelID="142"
	ProcessorCacheSize="8192"
	NumberOfLogicalCPU="8"
	NumberOfPhysicalCPU="4"
	TotalVirtualMemory="2048"
	TotalPhysicalMemory="7848"
	LogicalProcessorsPerPhysical="2"
	ProcessorClockFrequency="2304.01"
	>
	<Testing>
		<StartDateTime>Nov 15 21:54 UTC</StartDateTime>
		<StartTestTime>1763243671</StartTestTime>
		<TestList>
			<Test>./RedSocial.eliminar_usuario_ver_conocidos_popular_no_cambia</Test>
		</TestList>
		<Test Status="failed">
			<Name>RedSocial.eliminar_usuario_ver_conocidos_popular_no_cambia</Name>
			<Path>.</Path>
			<FullName>./RedSocial.eliminar_usuario_ver_conocidos_popular_no_cambia</FullName>
			<FullCommandLine>/workspaces/TP\ TDIII/build/red_social_tests "--gtest_filter=RedSocial.eliminar_usuario_ver_conocidos_popular_no_cambia" "--gtest_also_run_disabled_tests"</FullCommandLine>
			<Results>
				<NamedMeasurement type="text/string" name="Exit Code">
					<Value>Failed</Value>
				</NamedMeasurement>
				<NamedMeasurement type="text/string" name="Exit Value">
					<Value>1</Value>
				</NamedMeasurement>
				<NamedMeasurement type="numeric/double" name="Execution Time">
					<Value>0.05845</Value>
				</NamedMeasurement>
				<NamedMeasurement type="numeric/double" name="Processors">
					<Value>1</Value>
				</NamedMeasurement>
				<NamedMeasurement type="text/string" name="Completion Status">
					<Value>Completed</Value>
				</NamedMeasurement>
				<NamedMeasurement type="text/string" name="Command Line">
					<Value>/workspaces/TP\ TDIII/build/red_social_tests "--gtest_filter=RedSocial.eliminar_usuario_ver_conocidos_popular_no_cambia" "--gtest_also_run_disabled_tests"</Value>
				</NamedMeasurement>
				<NamedMeasurement type="text/string" name="Environment">
					<Value>#CTEST_RESOURCE_GROUP_COUNT=</Value>
				</NamedMeasurement>
				<Measurement>
					<Value encoding="base64" compression="gzip">eJzNkt1LIzEUxd/zVxx8asHOWBBcB3wQrFJYRNoRH0oJaea2DZtJZvPR7rL4vzsfZaii4OI+7H1KOJdfzsm9s2iMMhuUQpnBEGtnS6R76374Skjyaf6A/GY6naarqHSR8oIqn26s3WgK5MPIO3l0Tdtrc+INMJGS3dtAGe7aFuS1grXSgRyuMKNibqUSOiGtSmWE49FH4ZTlO3JcWlOrhfW8slXUtWosl6JcKcEWV30tMTtkGCO0/CbD4eyjCpSwxaivJe60XQnd6WR2yllTkql7KYxi9ab5mNn7ZQvMHu/R1vIrMd79aUcF9y2QN2/7RFZVdn5xkeFWKB0dscmvimSgAvQzCq3Cb9g1wpY8YSd0JJ8xII5Z4+9pq+QWymf4g5MNuZ04wXOtuJrbOytI955L0TsdDN8inv/G8rfL/8PyAri9nn6f3HxtWhicofTDT+xH14lgg9BD9rntCyTcqLB783q3P9ppOGESDMZH79QxH67n8y7mGbpBvA7fEU6hlW9msSJt99m/+h/Gav4BlE/mOXsBVFN3uw==</Value>
				</Measurement>
			</Results>
		</Test>
		<EndDateTime>Nov 15 21:54 UTC</EndDateTime>
		<EndTestTime>1763243671</EndTestTime>
		<ElapsedMinutes>0</ElapsedMinutes>
	</Testing>
</Site>
