<?xml version="1.0" encoding="UTF-8"?>
<Site BuildName="Linux-g++"
	BuildStamp="20251115-1907-Experimental"
	Name="88f3666a6b52"
	Generator="ctest-3.22.1"
	CompilerName="/usr/bin/g++"
	CompilerVersion="11.3.0"
	OSName="Linux"
	Hostname="88f3666a6b52"
	OSRelease="5.15.167.4-microsoft-standard-WSL2"
	OSVersion="#1 SMP Tue Nov 5 00:21:55 UTC 2024"
	OSPlatform="x86_64"
	Is64Bits="1"
	VendorString="GenuineIntel"
	VendorID="Intel Corporation"
	FamilyID="6"
	ModelID="142"
	ProcessorCacheSize="8192"
	NumberOfLogicalCPU="8"
	NumberOfPhysicalCPU="4"
	TotalVirtualMemory="2048"
	TotalPhysicalMemory="7848"
	LogicalProcessorsPerPhysical="2"
	ProcessorClockFrequency="2304.01"
	>
	<Testing>
		<StartDateTime>Nov 15 21:41 UTC</StartDateTime>
		<StartTestTime>1763242887</StartTestTime>
		<TestList>
			<Test>./RedSocial.eliminar_usuario_ver_conocidos_popular_no_cambia</Test>
		</TestList>
		<Test Status="failed">
			<Name>RedSocial.eliminar_usuario_ver_conocidos_popular_no_cambia</Name>
			<Path>.</Path>
			<FullName>./RedSocial.eliminar_usuario_ver_conocidos_popular_no_cambia</FullName>
			<FullCommandLine>/workspaces/TP\ TDIII/build/red_social_tests "--gtest_filter=RedSocial.eliminar_usuario_ver_conocidos_popular_no_cambia" "--gtest_also_run_disabled_tests"</FullCommandLine>
			<Results>
				<NamedMeasurement type="text/string" name="Exit Code">
					<Value>Failed</Value>
				</NamedMeasurement>
				<NamedMeasurement type="text/string" name="Exit Value">
					<Value>1</Value>
				</NamedMeasurement>
				<NamedMeasurement type="numeric/double" name="Execution Time">
					<Value>0.176188</Value>
				</NamedMeasurement>
				<NamedMeasurement type="numeric/double" name="Processors">
					<Value>1</Value>
				</NamedMeasurement>
				<NamedMeasurement type="text/string" name="Completion Status">
					<Value>Completed</Value>
				</NamedMeasurement>
				<NamedMeasurement type="text/string" name="Command Line">
					<Value>/workspaces/TP\ TDIII/build/red_social_tests "--gtest_filter=RedSocial.eliminar_usuario_ver_conocidos_popular_no_cambia" "--gtest_also_run_disabled_tests"</Value>
				</NamedMeasurement>
				<NamedMeasurement type="text/string" name="Environment">
					<Value>#CTEST_RESOURCE_GROUP_COUNT=</Value>
				</NamedMeasurement>
				<Measurement>
					<Value encoding="base64" compression="gzip">eJzNkk1LAzEQhu/5FYOnFuyuBUFd8CDYloKItCseSglpdtoGs5k1H60i/nf3oyytKCh6cE4J7/DkfTMzCcYos4JcKNPpwtJSDvGW7KMrhEQXp3eQXo/H43gRlM5inmHh4hXRSqNH53vOyr1rXF+rE6+AkZTsljwmMKpbIC0VWCrt0cIlTDCbklRCR6hVroywPLggrCK+QcslmVLNyPGCiqBL1RCXIl8owWaXbc1hssvQB1/zqwy7swvKY8RmvbbmMNK0ELrR0WyUJZOjKXvR90LxoXmf2fplM5jc30Jd89/E+PSnLWbc1UBeve0iWRTJ6dlZAkOhdLDIBs8FSo8Z4FMQWvkXoCX4NTqEjdABXcIAQp9V/h7WSq5BuQRe4WiFdiOO4K1UbMltnWWoW8+5aJ12uh8Rbz+xfH7xPyzPAIZX45vB9e+mBZ0+5K77jf1oOsGTF7rLvrd9HoXtZbQ1h7v91U6DFSY6fKeMeXc1nTYxT6AZxGH4hnAMWrlqFgvUtE3+6n8YK/k7UDqYpuwdVod3vQ==</Value>
				</Measurement>
			</Results>
		</Test>
		<EndDateTime>Nov 15 21:41 UTC</EndDateTime>
		<EndTestTime>1763242888</EndTestTime>
		<ElapsedMinutes>0</ElapsedMinutes>
	</Testing>
</Site>
