<?xml version="1.0" encoding="UTF-8"?>
<Site BuildName="Linux-g++"
	BuildStamp="20251117-1445-Experimental"
	Name="88f3666a6b52"
	Generator="ctest-3.22.1"
	CompilerName="/usr/bin/g++"
	CompilerVersion="11.3.0"
	OSName="Linux"
	Hostname="88f3666a6b52"
	OSRelease="5.15.167.4-microsoft-standard-WSL2"
	OSVersion="#1 SMP Tue Nov 5 00:21:55 UTC 2024"
	OSPlatform="x86_64"
	Is64Bits="1"
	VendorString="GenuineIntel"
	VendorID="Intel Corporation"
	FamilyID="6"
	ModelID="142"
	ProcessorCacheSize="8192"
	NumberOfLogicalCPU="8"
	NumberOfPhysicalCPU="4"
	TotalVirtualMemory="2048"
	TotalPhysicalMemory="7848"
	LogicalProcessorsPerPhysical="2"
	ProcessorClockFrequency="2304.01"
	>
	<Testing>
		<StartDateTime>Nov 17 20:01 UTC</StartDateTime>
		<StartTestTime>1763409700</StartTestTime>
		<TestList>
			<Test>./RedSocial.eliminar_usuario_ver_conocidos_popular_no_cambia</Test>
		</TestList>
		<Test Status="failed">
			<Name>RedSocial.eliminar_usuario_ver_conocidos_popular_no_cambia</Name>
			<Path>.</Path>
			<FullName>./RedSocial.eliminar_usuario_ver_conocidos_popular_no_cambia</FullName>
			<FullCommandLine>/workspaces/TP\ TDIII/build/red_social_tests "--gtest_filter=RedSocial.eliminar_usuario_ver_conocidos_popular_no_cambia" "--gtest_also_run_disabled_tests"</FullCommandLine>
			<Results>
				<NamedMeasurement type="text/string" name="Exit Code">
					<Value>Failed</Value>
				</NamedMeasurement>
				<NamedMeasurement type="text/string" name="Exit Value">
					<Value>1</Value>
				</NamedMeasurement>
				<NamedMeasurement type="numeric/double" name="Execution Time">
					<Value>0.0551926</Value>
				</NamedMeasurement>
				<NamedMeasurement type="numeric/double" name="Processors">
					<Value>1</Value>
				</NamedMeasurement>
				<NamedMeasurement type="text/string" name="Completion Status">
					<Value>Completed</Value>
				</NamedMeasurement>
				<NamedMeasurement type="text/string" name="Command Line">
					<Value>/workspaces/TP\ TDIII/build/red_social_tests "--gtest_filter=RedSocial.eliminar_usuario_ver_conocidos_popular_no_cambia" "--gtest_also_run_disabled_tests"</Value>
				</NamedMeasurement>
				<NamedMeasurement type="text/string" name="Environment">
					<Value>#CTEST_RESOURCE_GROUP_COUNT=</Value>
				</NamedMeasurement>
				<Measurement>
					<Value encoding="base64" compression="gzip">eJzNkk1LAzEQhu/5FYOnFuxuC4K64EGwloIUaVc8lBLS7LQNZjNrPlpF/O/uR1msKCh6cE4J7/DkfTMzDcYos4ZcKNPpwspSDvGO7IMrhEQXp7eQXo3H43gZlM5inmHh4jXRWqNH53vOynfXuL5WJ14BIynZhDwmMKpbIC0VWCnt0cIFTDGbkVRCR6hVroywPLggrCK+RcslmVLNyPGCiqBL1RCXIl8qweYXbS1gus8wAF/zqwz7swvKY8TmvbYWMNK0FLrR0WyVJZOjKXvR90Lxofk9s/XL5jC9m0Bdi9/E+PSnLWbc1UBeve0iWRTJyelpAtdC6WCRDZ8KlB4zwMcgtPLPQCvwG3QIW6EDuoQBhAGr/N1vlNyAcgm8wNEa7VYcwWup2JLbOstQt55z0TrtdD8iXn9i+ez8f1ieA1xfjm+GV7+bFnT6kLvuN/aj6QRPXugu+972eRS2l9HOHO72VzsNVpjo8J0y5u3lbNbE7EMziMPwDeEYtHLVLJaoaZf81f8wVvL3oHQ4S9kbU7Z3ug==</Value>
				</Measurement>
			</Results>
		</Test>
		<EndDateTime>Nov 17 20:01 UTC</EndDateTime>
		<EndTestTime>1763409701</EndTestTime>
		<ElapsedMinutes>0</ElapsedMinutes>
	</Testing>
</Site>
